Build started 24/12/2015 23:48:38.
     1>Project "C:\Users\b5014297\Desktop\OS_CoursWork_MohamedAhmed\Q7\Q7.vcxproj" on node 2 (Build target(s)).
     1>ClCompile:
         C:\Program Files (x86)\Microsoft Visual Studio 12.0\VC\bin\CL.exe /c /I.. /ZI /nologo /W3 /WX- /Od /Oy- /D WIN32 /D _DEBUG /D _CONSOLE /D _VC80_UPGRADE=0x0600 /D _MBCS /Gm /EHsc /RTC1 /MDd /GS /Gy- /fp:precise /Zc:wchar_t /Zc:forScope /Fo".\\" /Fd".\vc120.pdb" /Gd /TP /analyze- /errorReport:prompt Q7Parent.cpp
         Q7Parent.cpp
     1>c:\users\b5014297\desktop\os_courswork_mohamedahmed\rt\rt.h(1623): warning C4996: 'strcpy': This function or variable may be unsafe. Consider using strcpy_s instead. To disable deprecation, use _CRT_SECURE_NO_WARNINGS. See online help for details.
                 c:\program files (x86)\microsoft visual studio 12.0\vc\include\string.h(112) : see declaration of 'strcpy'
     1>c:\users\b5014297\desktop\os_courswork_mohamedahmed\rt\rt.h(1651): warning C4996: 'strcpy': This function or variable may be unsafe. Consider using strcpy_s instead. To disable deprecation, use _CRT_SECURE_NO_WARNINGS. See online help for details.
                 c:\program files (x86)\microsoft visual studio 12.0\vc\include\string.h(112) : see declaration of 'strcpy'
     1>c:\users\b5014297\desktop\os_courswork_mohamedahmed\rt\rt.h(1690): warning C4996: 'strcpy': This function or variable may be unsafe. Consider using strcpy_s instead. To disable deprecation, use _CRT_SECURE_NO_WARNINGS. See online help for details.
                 c:\program files (x86)\microsoft visual studio 12.0\vc\include\string.h(112) : see declaration of 'strcpy'
     1>c:\users\b5014297\desktop\os_courswork_mohamedahmed\rt\rt.h(1699): warning C4996: 'strcpy': This function or variable may be unsafe. Consider using strcpy_s instead. To disable deprecation, use _CRT_SECURE_NO_WARNINGS. See online help for details.
                 c:\program files (x86)\microsoft visual studio 12.0\vc\include\string.h(112) : see declaration of 'strcpy'
     1>c:\users\b5014297\desktop\os_courswork_mohamedahmed\rt\rt.h(1863): warning C4996: 'strcpy': This function or variable may be unsafe. Consider using strcpy_s instead. To disable deprecation, use _CRT_SECURE_NO_WARNINGS. See online help for details.
                 c:\program files (x86)\microsoft visual studio 12.0\vc\include\string.h(112) : see declaration of 'strcpy'
     1>c:\users\b5014297\desktop\os_courswork_mohamedahmed\rt\rt.h(1873): warning C4996: 'strcpy': This function or variable may be unsafe. Consider using strcpy_s instead. To disable deprecation, use _CRT_SECURE_NO_WARNINGS. See online help for details.
                 c:\program files (x86)\microsoft visual studio 12.0\vc\include\string.h(112) : see declaration of 'strcpy'
     1>c:\users\b5014297\desktop\os_courswork_mohamedahmed\rt\rt.h(2032): warning C4996: 'strcpy': This function or variable may be unsafe. Consider using strcpy_s instead. To disable deprecation, use _CRT_SECURE_NO_WARNINGS. See online help for details.
                 c:\program files (x86)\microsoft visual studio 12.0\vc\include\string.h(112) : see declaration of 'strcpy'
     1>c:\users\b5014297\desktop\os_courswork_mohamedahmed\rt\rt.h(2044): warning C4996: 'strcpy': This function or variable may be unsafe. Consider using strcpy_s instead. To disable deprecation, use _CRT_SECURE_NO_WARNINGS. See online help for details.
                 c:\program files (x86)\microsoft visual studio 12.0\vc\include\string.h(112) : see declaration of 'strcpy'
     1>c:\users\b5014297\desktop\os_courswork_mohamedahmed\rt\rt.h(2206): warning C4996: 'sprintf': This function or variable may be unsafe. Consider using sprintf_s instead. To disable deprecation, use _CRT_SECURE_NO_WARNINGS. See online help for details.
                 c:\program files (x86)\microsoft visual studio 12.0\vc\include\stdio.h(356) : see declaration of 'sprintf'
     1>c:\users\b5014297\desktop\os_courswork_mohamedahmed\rt\rt.h(2212): warning C4996: 'strcpy': This function or variable may be unsafe. Consider using strcpy_s instead. To disable deprecation, use _CRT_SECURE_NO_WARNINGS. See online help for details.
                 c:\program files (x86)\microsoft visual studio 12.0\vc\include\string.h(112) : see declaration of 'strcpy'
     1>c:\users\b5014297\desktop\os_courswork_mohamedahmed\rt\rt.h(2220): warning C4996: 'strcpy': This function or variable may be unsafe. Consider using strcpy_s instead. To disable deprecation, use _CRT_SECURE_NO_WARNINGS. See online help for details.
                 c:\program files (x86)\microsoft visual studio 12.0\vc\include\string.h(112) : see declaration of 'strcpy'
     1>c:\users\b5014297\desktop\os_courswork_mohamedahmed\q7\q7parent.cpp(1024): warning C4018: '<' : signed/unsigned mismatch
     1>c:\users\b5014297\desktop\os_courswork_mohamedahmed\q7\q7parent.cpp(1122): warning C4244: '=' : conversion from 'float' to 'int', possible loss of data
     1>c:\users\b5014297\desktop\os_courswork_mohamedahmed\q7\q7parent.cpp(1169): warning C4018: '<' : signed/unsigned mismatch
     1>c:\users\b5014297\desktop\os_courswork_mohamedahmed\q7\q7parent.cpp(1260): warning C4244: '=' : conversion from 'float' to 'int', possible loss of data
     1>c:\users\b5014297\desktop\os_courswork_mohamedahmed\q7\q7parent.cpp(1304): warning C4018: '<' : signed/unsigned mismatch
     1>c:\users\b5014297\desktop\os_courswork_mohamedahmed\q7\q7parent.cpp(1400): warning C4244: '=' : conversion from 'float' to 'int', possible loss of data
     1>c:\users\b5014297\desktop\os_courswork_mohamedahmed\q7\q7parent.cpp(1444): warning C4018: '<' : signed/unsigned mismatch
     1>c:\users\b5014297\desktop\os_courswork_mohamedahmed\q7\q7parent.cpp(1538): warning C4244: '=' : conversion from 'float' to 'int', possible loss of data
     1>c:\users\b5014297\desktop\os_courswork_mohamedahmed\q7\q7parent.cpp(1583): warning C4018: '<' : signed/unsigned mismatch
     1>c:\users\b5014297\desktop\os_courswork_mohamedahmed\q7\q7parent.cpp(909): warning C4101: 'ditem' : unreferenced local variable
     1>c:\users\b5014297\desktop\os_courswork_mohamedahmed\q7\q7parent.cpp(970): warning C4101: 'i' : unreferenced local variable
     1>c:\users\b5014297\desktop\os_courswork_mohamedahmed\q7\q7parent.cpp(969): warning C4101: 'end' : unreferenced local variable
     1>c:\users\b5014297\desktop\os_courswork_mohamedahmed\q7\q7parent.cpp(1112): warning C4101: 'end' : unreferenced local variable
     1>c:\users\b5014297\desktop\os_courswork_mohamedahmed\q7\q7parent.cpp(1250): warning C4101: 'end' : unreferenced local variable
     1>c:\users\b5014297\desktop\os_courswork_mohamedahmed\q7\q7parent.cpp(1390): warning C4101: 'end' : unreferenced local variable
     1>c:\users\b5014297\desktop\os_courswork_mohamedahmed\q7\q7parent.cpp(1526): warning C4101: 'end' : unreferenced local variable
       Link:
         C:\Program Files (x86)\Microsoft Visual Studio 12.0\VC\bin\link.exe /ERRORREPORT:PROMPT /OUT:".\Debug\Q7.exe" /INCREMENTAL /NOLOGO odbc32.lib odbccp32.lib kernel32.lib user32.lib gdi32.lib winspool.lib comdlg32.lib advapi32.lib shell32.lib ole32.lib oleaut32.lib uuid.lib odbc32.lib odbccp32.lib /MANIFEST /MANIFESTUAC:"level='asInvoker' uiAccess='false'" /manifest:embed /DEBUG /PDB:".\Debug\Q7.pdb" /SUBSYSTEM:CONSOLE /TLBID:1 /DYNAMICBASE /NXCOMPAT /IMPLIB:".\Debug\Q7.lib" /MACHINE:X86 /SAFESEH .\Q7Parent.obj
         C:\Users\b5014297\Desktop\OS_CoursWork_MohamedAhmed\rt\Debug\rt.lib
         LINK : program database C:\Users\b5014297\Desktop\OS_CoursWork_MohamedAhmed\Q7\Debug\Q7.pdb missing; performing full link
     1>Q7Parent.obj : warning LNK4075: ignoring '/EDITANDCONTINUE' due to '/SAFESEH' specification
         Q7.vcxproj -> C:\Users\b5014297\Desktop\OS_CoursWork_MohamedAhmed\Q7\.\Debug\Q7.exe
     1>Done Building Project "C:\Users\b5014297\Desktop\OS_CoursWork_MohamedAhmed\Q7\Q7.vcxproj" (Build target(s)).

Build succeeded.

Time Elapsed 00:00:02.33
